<?xml version="1.0" encoding="utf-8"?><testsuites name="pytest tests"><testsuite name="pytest" errors="0" failures="0" skipped="0" tests="6" time="1.205" timestamp="2026-04-29T09:36:52.730198+00:00" hostname="agent-env-6b74dcab-0941-4430-8633-a1cc44d0031e"><testcase classname="backend.tests.backend_test" name="test_root_welcome" time="0.251" /><testcase classname="backend.tests.backend_test" name="test_menu_returns_seven_items" time="0.134" /><testcase classname="backend.tests.backend_test" name="test_create_reservation_success_and_persist" time="0.202" /><testcase classname="backend.tests.backend_test" name="test_create_reservation_missing_fields_returns_422" time="0.141" /><testcase classname="backend.tests.backend_test" name="test_create_reservation_blank_required_returns_400" time="0.132" /><testcase classname="backend.tests.backend_test" name="test_list_reservations_ok" time="0.140" /></testsuite></testsuites>